<?xml version="1.0" encoding="UTF-8"?>
<testsuite name="com.hangyul.book.springboot.web.IndexControllerTest" tests="1" skipped="0" failures="0" errors="0" timestamp="2020-11-12T13:35:45" hostname="hangyeolgang-ui-MacBookPro.local" time="0.234">
  <properties/>
  <testcase name="메인페이지_로딩" classname="com.hangyul.book.springboot.web.IndexControllerTest" time="0.234"/>
  <system-out><![CDATA[2020-11-12 22:35:39.975  INFO 9307 --- [    Test worker] .b.t.c.SpringBootTestContextBootstrapper : Neither @ContextConfiguration nor @ContextHierarchy found for test class [com.hangyul.book.springboot.web.IndexControllerTest], using SpringBootContextLoader
2020-11-12 22:35:39.976  INFO 9307 --- [    Test worker] o.s.t.c.support.AbstractContextLoader    : Could not detect default resource locations for test class [com.hangyul.book.springboot.web.IndexControllerTest]: no resource found for suffixes {-context.xml, Context.groovy}.
2020-11-12 22:35:39.976  INFO 9307 --- [    Test worker] t.c.s.AnnotationConfigContextLoaderUtils : Could not detect default configuration classes for test class [com.hangyul.book.springboot.web.IndexControllerTest]: IndexControllerTest does not declare any static, non-private, non-final, nested classes annotated with @Configuration.
2020-11-12 22:35:39.978  INFO 9307 --- [    Test worker] .b.t.c.SpringBootTestContextBootstrapper : Found @SpringBootConfiguration com.hangyul.book.springboot.Application for test class com.hangyul.book.springboot.web.IndexControllerTest
2020-11-12 22:35:39.980  INFO 9307 --- [    Test worker] .b.t.c.SpringBootTestContextBootstrapper : Loaded default TestExecutionListener class names from location [META-INF/spring.factories]: [org.springframework.security.test.context.support.WithSecurityContextTestExecutionListener, org.springframework.security.test.context.support.ReactorContextTestExecutionListener, org.springframework.boot.test.autoconfigure.restdocs.RestDocsTestExecutionListener, org.springframework.boot.test.autoconfigure.web.client.MockRestServiceServerResetTestExecutionListener, org.springframework.boot.test.autoconfigure.web.servlet.MockMvcPrintOnlyOnFailureTestExecutionListener, org.springframework.boot.test.autoconfigure.web.servlet.WebDriverTestExecutionListener, org.springframework.boot.test.mock.mockito.MockitoTestExecutionListener, org.springframework.boot.test.mock.mockito.ResetMocksTestExecutionListener, org.springframework.test.context.web.ServletTestExecutionListener, org.springframework.test.context.support.DirtiesContextBeforeModesTestExecutionListener, org.springframework.test.context.support.DependencyInjectionTestExecutionListener, org.springframework.test.context.support.DirtiesContextTestExecutionListener, org.springframework.test.context.transaction.TransactionalTestExecutionListener, org.springframework.test.context.jdbc.SqlScriptsTestExecutionListener]
2020-11-12 22:35:39.981  INFO 9307 --- [    Test worker] .b.t.c.SpringBootTestContextBootstrapper : Using TestExecutionListeners: [org.springframework.test.context.web.ServletTestExecutionListener@45248836, org.springframework.test.context.support.DirtiesContextBeforeModesTestExecutionListener@25e8ad0d, org.springframework.boot.test.mock.mockito.MockitoTestExecutionListener@da40aa3, org.springframework.boot.test.autoconfigure.SpringBootDependencyInjectionTestExecutionListener@60ed0efc, org.springframework.test.context.support.DirtiesContextTestExecutionListener@1694fef, org.springframework.test.context.transaction.TransactionalTestExecutionListener@61090a0a, org.springframework.test.context.jdbc.SqlScriptsTestExecutionListener@4cd5f59a, org.springframework.security.test.context.support.WithSecurityContextTestExecutionListener@44c79812, org.springframework.security.test.context.support.ReactorContextTestExecutionListener@f9ab152, org.springframework.boot.test.autoconfigure.restdocs.RestDocsTestExecutionListener@266ab3f1, org.springframework.boot.test.autoconfigure.web.client.MockRestServiceServerResetTestExecutionListener@4570fb83, org.springframework.boot.test.autoconfigure.web.servlet.MockMvcPrintOnlyOnFailureTestExecutionListener@3d0fec37, org.springframework.boot.test.autoconfigure.web.servlet.WebDriverTestExecutionListener@67c5cae5, org.springframework.boot.test.mock.mockito.ResetMocksTestExecutionListener@14c308d7]

  .   ____          _            __ _ _
 /\\ / ___'_ __ _ _(_)_ __  __ _ \ \ \ \
( ( )\___ | '_ | '_| | '_ \/ _` | \ \ \ \
 \\/  ___)| |_)| | | | | || (_| |  ) ) ) )
  '  |____| .__|_| |_|_| |_\__, | / / / /
 =========|_|==============|___/=/_/_/_/
 :: Spring Boot ::        (v2.1.7.RELEASE)

2020-11-12 22:35:40.004  INFO 9307 --- [    Test worker] c.h.b.s.web.IndexControllerTest          : Starting IndexControllerTest on hangyeolgang-ui-MacBookPro.local with PID 9307 (started by kanghangyul in /Users/kanghangyul/IdeaProjects/springboot2_webservice)
2020-11-12 22:35:40.005  INFO 9307 --- [    Test worker] c.h.b.s.web.IndexControllerTest          : No active profile set, falling back to default profiles: default
2020-11-12 22:35:40.421  INFO 9307 --- [    Test worker] .s.d.r.c.RepositoryConfigurationDelegate : Bootstrapping Spring Data repositories in DEFAULT mode.
2020-11-12 22:35:40.509  INFO 9307 --- [    Test worker] .s.d.r.c.RepositoryConfigurationDelegate : Finished Spring Data repository scanning in 78ms. Found 2 repository interfaces.
2020-11-12 22:35:40.844  INFO 9307 --- [    Test worker] trationDelegate$BeanPostProcessorChecker : Bean 'org.springframework.transaction.annotation.ProxyTransactionManagementConfiguration' of type [org.springframework.transaction.annotation.ProxyTransactionManagementConfiguration$$EnhancerBySpringCGLIB$$d4f44e95] is not eligible for getting processed by all BeanPostProcessors (for example: not eligible for auto-proxying)
2020-11-12 22:35:41.221  INFO 9307 --- [    Test worker] o.s.b.w.embedded.tomcat.TomcatWebServer  : Tomcat initialized with port(s): 0 (http)
2020-11-12 22:35:41.253  INFO 9307 --- [    Test worker] o.apache.catalina.core.StandardService   : Starting service [Tomcat]
2020-11-12 22:35:41.254  INFO 9307 --- [    Test worker] org.apache.catalina.core.StandardEngine  : Starting Servlet engine: [Apache Tomcat/9.0.22]
2020-11-12 22:35:41.381  INFO 9307 --- [    Test worker] o.a.c.c.C.[Tomcat].[localhost].[/]       : Initializing Spring embedded WebApplicationContext
2020-11-12 22:35:41.382  INFO 9307 --- [    Test worker] o.s.web.context.ContextLoader            : Root WebApplicationContext: initialization completed in 1375 ms
2020-11-12 22:35:41.643  INFO 9307 --- [    Test worker] com.zaxxer.hikari.HikariDataSource       : HikariPool-1 - Starting...
2020-11-12 22:35:41.834  INFO 9307 --- [    Test worker] com.zaxxer.hikari.HikariDataSource       : HikariPool-1 - Start completed.
2020-11-12 22:35:41.925  INFO 9307 --- [    Test worker] o.hibernate.jpa.internal.util.LogHelper  : HHH000204: Processing PersistenceUnitInfo [
	name: default
	...]
2020-11-12 22:35:42.003  INFO 9307 --- [    Test worker] org.hibernate.Version                    : HHH000412: Hibernate Core {5.3.10.Final}
2020-11-12 22:35:42.006  INFO 9307 --- [    Test worker] org.hibernate.cfg.Environment            : HHH000206: hibernate.properties not found
2020-11-12 22:35:42.073  INFO 9307 --- [    Test worker] o.hibernate.annotations.common.Version   : HCANN000001: Hibernate Commons Annotations {5.0.4.Final}
2020-11-12 22:35:42.252  INFO 9307 --- [    Test worker] org.hibernate.dialect.Dialect            : HHH000400: Using dialect: org.hibernate.dialect.H2Dialect
Hibernate: drop table posts if exists
Hibernate: drop table user if exists
Hibernate: create table posts (id bigint generated by default as identity, created_date timestamp, modified_date timestamp, author varchar(255), content TEXT not null, title varchar(500) not null, primary key (id))
Hibernate: create table user (id bigint generated by default as identity, created_date timestamp, modified_date timestamp, email varchar(255) not null, name varchar(255) not null, picture varchar(255), role varchar(255) not null, primary key (id))
2020-11-12 22:35:43.187  INFO 9307 --- [    Test worker] o.h.t.schema.internal.SchemaCreatorImpl  : HHH000476: Executing import script 'org.hibernate.tool.schema.internal.exec.ScriptSourceInputNonExistentImpl@cadd819'
2020-11-12 22:35:43.190  INFO 9307 --- [    Test worker] j.LocalContainerEntityManagerFactoryBean : Initialized JPA EntityManagerFactory for persistence unit 'default'
2020-11-12 22:35:43.998  INFO 9307 --- [    Test worker] o.h.h.i.QueryTranslatorFactoryInitiator  : HHH000397: Using ASTQueryTranslatorFactory
2020-11-12 22:35:44.489  INFO 9307 --- [    Test worker] o.s.s.web.DefaultSecurityFilterChain     : Creating filter chain: any request, [org.springframework.security.web.context.request.async.WebAsyncManagerIntegrationFilter@45d154c9, org.springframework.security.web.context.SecurityContextPersistenceFilter@4ee29602, org.springframework.security.web.header.HeaderWriterFilter@1dbb48f3, org.springframework.security.web.authentication.logout.LogoutFilter@7abe332b, org.springframework.security.oauth2.client.web.OAuth2AuthorizationRequestRedirectFilter@6d0c099f, org.springframework.security.oauth2.client.web.OAuth2LoginAuthenticationFilter@2564e5a6, org.springframework.security.web.authentication.ui.DefaultLoginPageGeneratingFilter@20b6e3b9, org.springframework.security.web.authentication.ui.DefaultLogoutPageGeneratingFilter@26ab7891, org.springframework.security.web.savedrequest.RequestCacheAwareFilter@d593cd3, org.springframework.security.web.servletapi.SecurityContextHolderAwareRequestFilter@4ae2115b, org.springframework.security.web.authentication.AnonymousAuthenticationFilter@24e0e037, org.springframework.security.web.session.SessionManagementFilter@42d51d7b, org.springframework.security.web.access.ExceptionTranslationFilter@54a2eb56, org.springframework.security.web.access.intercept.FilterSecurityInterceptor@75c3af4]
2020-11-12 22:35:44.710  INFO 9307 --- [    Test worker] o.s.s.concurrent.ThreadPoolTaskExecutor  : Initializing ExecutorService 'applicationTaskExecutor'
2020-11-12 22:35:44.729  WARN 9307 --- [    Test worker] aWebConfiguration$JpaWebMvcConfiguration : spring.jpa.open-in-view is enabled by default. Therefore, database queries may be performed during view rendering. Explicitly configure spring.jpa.open-in-view to disable this warning
2020-11-12 22:35:44.773  INFO 9307 --- [    Test worker] o.s.b.a.w.s.WelcomePageHandlerMapping    : Adding welcome page template: index
2020-11-12 22:35:45.069  INFO 9307 --- [    Test worker] s.a.ScheduledAnnotationBeanPostProcessor : No TaskScheduler/ScheduledExecutorService bean found for scheduled processing
2020-11-12 22:35:45.098  INFO 9307 --- [    Test worker] o.s.b.w.embedded.tomcat.TomcatWebServer  : Tomcat started on port(s): 59939 (http) with context path ''
2020-11-12 22:35:45.099  INFO 9307 --- [    Test worker] c.h.b.s.web.IndexControllerTest          : Started IndexControllerTest in 5.116 seconds (JVM running for 8.566)
2020-11-12 22:35:45.213  INFO 9307 --- [o-auto-1-exec-1] o.a.c.c.C.[Tomcat].[localhost].[/]       : Initializing Spring DispatcherServlet 'dispatcherServlet'
2020-11-12 22:35:45.213  INFO 9307 --- [o-auto-1-exec-1] o.s.web.servlet.DispatcherServlet        : Initializing Servlet 'dispatcherServlet'
2020-11-12 22:35:45.235  INFO 9307 --- [o-auto-1-exec-1] o.s.web.servlet.DispatcherServlet        : Completed initialization in 22 ms
Hibernate: select posts0_.id as id1_0_, posts0_.created_date as created_2_0_, posts0_.modified_date as modified3_0_, posts0_.author as author4_0_, posts0_.content as content5_0_, posts0_.title as title6_0_ from posts posts0_ order by posts0_.id DESC
]]></system-out>
  <system-err><![CDATA[]]></system-err>
</testsuite>
