<?xml version="1.0" encoding="UTF-8"?>
<testsuite name="com.hangyul.book.springboot.web.dto.HelloResponseDtoTest" tests="1" skipped="0" failures="0" errors="0" timestamp="2020-11-12T13:35:36" hostname="hangyeolgang-ui-MacBookPro.local" time="0.044">
  <properties/>
  <testcase name="롬복_기능_테스트" classname="com.hangyul.book.springboot.web.dto.HelloResponseDtoTest" time="0.044"/>
  <system-out><![CDATA[]]></system-out>
  <system-err><![CDATA[]]></system-err>
</testsuite>
