<?xml version="1.0" encoding="UTF-8"?>
<testsuite name="com.hangyul.book.springboot.domain.posts.PostsRepositoryTest" tests="2" skipped="0" failures="0" errors="0" timestamp="2020-11-10T13:46:41" hostname="hangyeolgang-ui-MacBookPro.local" time="0.031">
  <properties/>
  <testcase name="게시글저장_불러오기" classname="com.hangyul.book.springboot.domain.posts.PostsRepositoryTest" time="0.018"/>
  <testcase name="BaseTimeEntity_등록" classname="com.hangyul.book.springboot.domain.posts.PostsRepositoryTest" time="0.012"/>
  <system-out><![CDATA[2020-11-10 22:46:40.045  INFO 4602 --- [    Test worker] .b.t.c.SpringBootTestContextBootstrapper : Neither @ContextConfiguration nor @ContextHierarchy found for test class [com.hangyul.book.springboot.domain.posts.PostsRepositoryTest], using SpringBootContextLoader
2020-11-10 22:46:40.046  INFO 4602 --- [    Test worker] o.s.t.c.support.AbstractContextLoader    : Could not detect default resource locations for test class [com.hangyul.book.springboot.domain.posts.PostsRepositoryTest]: no resource found for suffixes {-context.xml, Context.groovy}.
2020-11-10 22:46:40.046  INFO 4602 --- [    Test worker] t.c.s.AnnotationConfigContextLoaderUtils : Could not detect default configuration classes for test class [com.hangyul.book.springboot.domain.posts.PostsRepositoryTest]: PostsRepositoryTest does not declare any static, non-private, non-final, nested classes annotated with @Configuration.
2020-11-10 22:46:40.053  INFO 4602 --- [    Test worker] .b.t.c.SpringBootTestContextBootstrapper : Found @SpringBootConfiguration com.hangyul.book.springboot.Application for test class com.hangyul.book.springboot.domain.posts.PostsRepositoryTest
2020-11-10 22:46:40.055  INFO 4602 --- [    Test worker] .b.t.c.SpringBootTestContextBootstrapper : Loaded default TestExecutionListener class names from location [META-INF/spring.factories]: [org.springframework.security.test.context.support.WithSecurityContextTestExecutionListener, org.springframework.security.test.context.support.ReactorContextTestExecutionListener, org.springframework.boot.test.autoconfigure.restdocs.RestDocsTestExecutionListener, org.springframework.boot.test.autoconfigure.web.client.MockRestServiceServerResetTestExecutionListener, org.springframework.boot.test.autoconfigure.web.servlet.MockMvcPrintOnlyOnFailureTestExecutionListener, org.springframework.boot.test.autoconfigure.web.servlet.WebDriverTestExecutionListener, org.springframework.boot.test.mock.mockito.MockitoTestExecutionListener, org.springframework.boot.test.mock.mockito.ResetMocksTestExecutionListener, org.springframework.test.context.web.ServletTestExecutionListener, org.springframework.test.context.support.DirtiesContextBeforeModesTestExecutionListener, org.springframework.test.context.support.DependencyInjectionTestExecutionListener, org.springframework.test.context.support.DirtiesContextTestExecutionListener, org.springframework.test.context.transaction.TransactionalTestExecutionListener, org.springframework.test.context.jdbc.SqlScriptsTestExecutionListener]
2020-11-10 22:46:40.056  INFO 4602 --- [    Test worker] .b.t.c.SpringBootTestContextBootstrapper : Using TestExecutionListeners: [org.springframework.test.context.web.ServletTestExecutionListener@755f0f8d, org.springframework.test.context.support.DirtiesContextBeforeModesTestExecutionListener@7382ad72, org.springframework.boot.test.mock.mockito.MockitoTestExecutionListener@1ac03e62, org.springframework.boot.test.autoconfigure.SpringBootDependencyInjectionTestExecutionListener@373dc6b2, org.springframework.test.context.support.DirtiesContextTestExecutionListener@3a9394bf, org.springframework.test.context.transaction.TransactionalTestExecutionListener@5c1c47a2, org.springframework.test.context.jdbc.SqlScriptsTestExecutionListener@47b4516d, org.springframework.security.test.context.support.WithSecurityContextTestExecutionListener@1ee5177f, org.springframework.security.test.context.support.ReactorContextTestExecutionListener@38755e70, org.springframework.boot.test.autoconfigure.restdocs.RestDocsTestExecutionListener@6ea2f8b, org.springframework.boot.test.autoconfigure.web.client.MockRestServiceServerResetTestExecutionListener@63b03902, org.springframework.boot.test.autoconfigure.web.servlet.MockMvcPrintOnlyOnFailureTestExecutionListener@555894e4, org.springframework.boot.test.autoconfigure.web.servlet.WebDriverTestExecutionListener@474cc6e1, org.springframework.boot.test.mock.mockito.ResetMocksTestExecutionListener@100d3ff4]

  .   ____          _            __ _ _
 /\\ / ___'_ __ _ _(_)_ __  __ _ \ \ \ \
( ( )\___ | '_ | '_| | '_ \/ _` | \ \ \ \
 \\/  ___)| |_)| | | | | || (_| |  ) ) ) )
  '  |____| .__|_| |_|_| |_\__, | / / / /
 =========|_|==============|___/=/_/_/_/
 :: Spring Boot ::        (v2.1.7.RELEASE)

2020-11-10 22:46:40.089  INFO 4602 --- [    Test worker] c.h.b.s.d.posts.PostsRepositoryTest      : Starting PostsRepositoryTest on hangyeolgang-ui-MacBookPro.local with PID 4602 (started by kanghangyul in /Users/kanghangyul/IdeaProjects/springboot2_webservice)
2020-11-10 22:46:40.090  INFO 4602 --- [    Test worker] c.h.b.s.d.posts.PostsRepositoryTest      : No active profile set, falling back to default profiles: default
2020-11-10 22:46:40.308  INFO 4602 --- [    Test worker] .s.d.r.c.RepositoryConfigurationDelegate : Bootstrapping Spring Data repositories in DEFAULT mode.
2020-11-10 22:46:40.322  INFO 4602 --- [    Test worker] .s.d.r.c.RepositoryConfigurationDelegate : Finished Spring Data repository scanning in 14ms. Found 2 repository interfaces.
2020-11-10 22:46:40.418  INFO 4602 --- [    Test worker] trationDelegate$BeanPostProcessorChecker : Bean 'org.springframework.transaction.annotation.ProxyTransactionManagementConfiguration' of type [org.springframework.transaction.annotation.ProxyTransactionManagementConfiguration$$EnhancerBySpringCGLIB$$2b7576f9] is not eligible for getting processed by all BeanPostProcessors (for example: not eligible for auto-proxying)
2020-11-10 22:46:40.485  INFO 4602 --- [    Test worker] com.zaxxer.hikari.HikariDataSource       : HikariPool-2 - Starting...
2020-11-10 22:46:40.486  INFO 4602 --- [    Test worker] com.zaxxer.hikari.HikariDataSource       : HikariPool-2 - Start completed.
2020-11-10 22:46:40.505  INFO 4602 --- [    Test worker] o.hibernate.jpa.internal.util.LogHelper  : HHH000204: Processing PersistenceUnitInfo [
	name: default
	...]
2020-11-10 22:46:40.511  INFO 4602 --- [    Test worker] org.hibernate.dialect.Dialect            : HHH000400: Using dialect: org.hibernate.dialect.H2Dialect
Hibernate: drop table posts if exists
Hibernate: drop table user if exists
Hibernate: create table posts (id bigint generated by default as identity, created_date timestamp, modified_date timestamp, author varchar(255), content TEXT not null, title varchar(500) not null, primary key (id))
Hibernate: create table user (id bigint generated by default as identity, created_date timestamp, modified_date timestamp, email varchar(255) not null, name varchar(255) not null, picture varchar(255), role varchar(255) not null, primary key (id))
2020-11-10 22:46:40.551  INFO 4602 --- [    Test worker] o.h.t.schema.internal.SchemaCreatorImpl  : HHH000476: Executing import script 'org.hibernate.tool.schema.internal.exec.ScriptSourceInputNonExistentImpl@13c8caaf'
2020-11-10 22:46:40.551  INFO 4602 --- [    Test worker] j.LocalContainerEntityManagerFactoryBean : Initialized JPA EntityManagerFactory for persistence unit 'default'
2020-11-10 22:46:40.695  INFO 4602 --- [    Test worker] o.h.h.i.QueryTranslatorFactoryInitiator  : HHH000397: Using ASTQueryTranslatorFactory
2020-11-10 22:46:40.795  INFO 4602 --- [    Test worker] o.s.s.web.DefaultSecurityFilterChain     : Creating filter chain: any request, [org.springframework.security.web.context.request.async.WebAsyncManagerIntegrationFilter@fbf75ac, org.springframework.security.web.context.SecurityContextPersistenceFilter@7756afc0, org.springframework.security.web.header.HeaderWriterFilter@50a45573, org.springframework.security.web.authentication.logout.LogoutFilter@2a9f6a29, org.springframework.security.oauth2.client.web.OAuth2AuthorizationRequestRedirectFilter@72e5834e, org.springframework.security.oauth2.client.web.OAuth2LoginAuthenticationFilter@33c8ef7e, org.springframework.security.web.authentication.ui.DefaultLoginPageGeneratingFilter@68f5e058, org.springframework.security.web.authentication.ui.DefaultLogoutPageGeneratingFilter@78d7a47b, org.springframework.security.web.savedrequest.RequestCacheAwareFilter@6f725fc9, org.springframework.security.web.servletapi.SecurityContextHolderAwareRequestFilter@1d0f9099, org.springframework.security.web.authentication.AnonymousAuthenticationFilter@2676b7dc, org.springframework.security.web.session.SessionManagementFilter@2d6b1c9c, org.springframework.security.web.access.ExceptionTranslationFilter@5669dab1, org.springframework.security.web.access.intercept.FilterSecurityInterceptor@5624376f]
2020-11-10 22:46:40.991  INFO 4602 --- [    Test worker] o.s.s.concurrent.ThreadPoolTaskExecutor  : Initializing ExecutorService 'applicationTaskExecutor'
2020-11-10 22:46:41.000  WARN 4602 --- [    Test worker] aWebConfiguration$JpaWebMvcConfiguration : spring.jpa.open-in-view is enabled by default. Therefore, database queries may be performed during view rendering. Explicitly configure spring.jpa.open-in-view to disable this warning
2020-11-10 22:46:41.019  INFO 4602 --- [    Test worker] o.s.b.a.w.s.WelcomePageHandlerMapping    : Adding welcome page template: index
2020-11-10 22:46:41.268  INFO 4602 --- [    Test worker] s.a.ScheduledAnnotationBeanPostProcessor : No TaskScheduler/ScheduledExecutorService bean found for scheduled processing
2020-11-10 22:46:41.270  INFO 4602 --- [    Test worker] c.h.b.s.d.posts.PostsRepositoryTest      : Started PostsRepositoryTest in 1.212 seconds (JVM running for 9.083)
Hibernate: insert into posts (id, created_date, modified_date, author, content, title) values (null, ?, ?, ?, ?, ?)
Hibernate: select posts0_.id as id1_0_, posts0_.created_date as created_2_0_, posts0_.modified_date as modified3_0_, posts0_.author as author4_0_, posts0_.content as content5_0_, posts0_.title as title6_0_ from posts posts0_
Hibernate: select posts0_.id as id1_0_, posts0_.created_date as created_2_0_, posts0_.modified_date as modified3_0_, posts0_.author as author4_0_, posts0_.content as content5_0_, posts0_.title as title6_0_ from posts posts0_
Hibernate: delete from posts where id=?
Hibernate: insert into posts (id, created_date, modified_date, author, content, title) values (null, ?, ?, ?, ?, ?)
Hibernate: select posts0_.id as id1_0_, posts0_.created_date as created_2_0_, posts0_.modified_date as modified3_0_, posts0_.author as author4_0_, posts0_.content as content5_0_, posts0_.title as title6_0_ from posts posts0_
>>>>>>>>>> createDate=2020-11-10T22:46:41.295, modifiedDate=2020-11-10T22:46:41.295
Hibernate: select posts0_.id as id1_0_, posts0_.created_date as created_2_0_, posts0_.modified_date as modified3_0_, posts0_.author as author4_0_, posts0_.content as content5_0_, posts0_.title as title6_0_ from posts posts0_
Hibernate: delete from posts where id=?
]]></system-out>
  <system-err><![CDATA[]]></system-err>
</testsuite>
