<?xml version="1.0" encoding="UTF-8"?>
<testsuite name="com.hangyul.book.springboot.web.PostsApiControllerTest" tests="2" skipped="0" failures="0" errors="0" timestamp="2020-11-10T13:46:39" hostname="hangyeolgang-ui-MacBookPro.local" time="0.261">
  <properties/>
  <testcase name="Posts_등록된다" classname="com.hangyul.book.springboot.web.PostsApiControllerTest" time="0.225"/>
  <testcase name="Posts_수정된다" classname="com.hangyul.book.springboot.web.PostsApiControllerTest" time="0.035"/>
  <system-out><![CDATA[2020-11-10 22:46:39.770  INFO 4602 --- [    Test worker] .b.t.c.SpringBootTestContextBootstrapper : Neither @ContextConfiguration nor @ContextHierarchy found for test class [com.hangyul.book.springboot.web.PostsApiControllerTest], using SpringBootContextLoader
2020-11-10 22:46:39.771  INFO 4602 --- [    Test worker] o.s.t.c.support.AbstractContextLoader    : Could not detect default resource locations for test class [com.hangyul.book.springboot.web.PostsApiControllerTest]: no resource found for suffixes {-context.xml, Context.groovy}.
2020-11-10 22:46:39.772  INFO 4602 --- [    Test worker] t.c.s.AnnotationConfigContextLoaderUtils : Could not detect default configuration classes for test class [com.hangyul.book.springboot.web.PostsApiControllerTest]: PostsApiControllerTest does not declare any static, non-private, non-final, nested classes annotated with @Configuration.
2020-11-10 22:46:39.774  INFO 4602 --- [    Test worker] .b.t.c.SpringBootTestContextBootstrapper : Found @SpringBootConfiguration com.hangyul.book.springboot.Application for test class com.hangyul.book.springboot.web.PostsApiControllerTest
2020-11-10 22:46:39.775  INFO 4602 --- [    Test worker] .b.t.c.SpringBootTestContextBootstrapper : Loaded default TestExecutionListener class names from location [META-INF/spring.factories]: [org.springframework.security.test.context.support.WithSecurityContextTestExecutionListener, org.springframework.security.test.context.support.ReactorContextTestExecutionListener, org.springframework.boot.test.autoconfigure.restdocs.RestDocsTestExecutionListener, org.springframework.boot.test.autoconfigure.web.client.MockRestServiceServerResetTestExecutionListener, org.springframework.boot.test.autoconfigure.web.servlet.MockMvcPrintOnlyOnFailureTestExecutionListener, org.springframework.boot.test.autoconfigure.web.servlet.WebDriverTestExecutionListener, org.springframework.boot.test.mock.mockito.MockitoTestExecutionListener, org.springframework.boot.test.mock.mockito.ResetMocksTestExecutionListener, org.springframework.test.context.web.ServletTestExecutionListener, org.springframework.test.context.support.DirtiesContextBeforeModesTestExecutionListener, org.springframework.test.context.support.DependencyInjectionTestExecutionListener, org.springframework.test.context.support.DirtiesContextTestExecutionListener, org.springframework.test.context.transaction.TransactionalTestExecutionListener, org.springframework.test.context.jdbc.SqlScriptsTestExecutionListener]
2020-11-10 22:46:39.776  INFO 4602 --- [    Test worker] .b.t.c.SpringBootTestContextBootstrapper : Using TestExecutionListeners: [org.springframework.test.context.web.ServletTestExecutionListener@2b519da2, org.springframework.test.context.support.DirtiesContextBeforeModesTestExecutionListener@13ced95d, org.springframework.boot.test.mock.mockito.MockitoTestExecutionListener@15df4c05, org.springframework.boot.test.autoconfigure.SpringBootDependencyInjectionTestExecutionListener@45f202e7, org.springframework.test.context.support.DirtiesContextTestExecutionListener@62693b76, org.springframework.test.context.transaction.TransactionalTestExecutionListener@7080257, org.springframework.test.context.jdbc.SqlScriptsTestExecutionListener@68d8d9d7, org.springframework.security.test.context.support.WithSecurityContextTestExecutionListener@3de80b11, org.springframework.security.test.context.support.ReactorContextTestExecutionListener@16712551, org.springframework.boot.test.autoconfigure.restdocs.RestDocsTestExecutionListener@512c9772, org.springframework.boot.test.autoconfigure.web.client.MockRestServiceServerResetTestExecutionListener@7f94fae1, org.springframework.boot.test.autoconfigure.web.servlet.MockMvcPrintOnlyOnFailureTestExecutionListener@2d9c681, org.springframework.boot.test.autoconfigure.web.servlet.WebDriverTestExecutionListener@1d9d2026, org.springframework.boot.test.mock.mockito.ResetMocksTestExecutionListener@28bfa3e0]
2020-11-10 22:46:39.787  INFO 4602 --- [    Test worker] o.a.c.c.C.[Tomcat].[localhost].[/]       : Initializing Spring TestDispatcherServlet ''
2020-11-10 22:46:39.788  INFO 4602 --- [    Test worker] o.s.t.web.servlet.TestDispatcherServlet  : Initializing Servlet ''
2020-11-10 22:46:39.792  INFO 4602 --- [    Test worker] o.s.t.web.servlet.TestDispatcherServlet  : Completed initialization in 4 ms
Hibernate: insert into posts (id, created_date, modified_date, author, content, title) values (null, ?, ?, ?, ?, ?)
Hibernate: select posts0_.id as id1_0_, posts0_.created_date as created_2_0_, posts0_.modified_date as modified3_0_, posts0_.author as author4_0_, posts0_.content as content5_0_, posts0_.title as title6_0_ from posts posts0_
Hibernate: select posts0_.id as id1_0_, posts0_.created_date as created_2_0_, posts0_.modified_date as modified3_0_, posts0_.author as author4_0_, posts0_.content as content5_0_, posts0_.title as title6_0_ from posts posts0_
Hibernate: delete from posts where id=?
2020-11-10 22:46:40.010  INFO 4602 --- [    Test worker] o.a.c.c.C.[Tomcat].[localhost].[/]       : Initializing Spring TestDispatcherServlet ''
2020-11-10 22:46:40.010  INFO 4602 --- [    Test worker] o.s.t.web.servlet.TestDispatcherServlet  : Initializing Servlet ''
2020-11-10 22:46:40.013  INFO 4602 --- [    Test worker] o.s.t.web.servlet.TestDispatcherServlet  : Completed initialization in 3 ms
Hibernate: insert into posts (id, created_date, modified_date, author, content, title) values (null, ?, ?, ?, ?, ?)
Hibernate: select posts0_.id as id1_0_0_, posts0_.created_date as created_2_0_0_, posts0_.modified_date as modified3_0_0_, posts0_.author as author4_0_0_, posts0_.content as content5_0_0_, posts0_.title as title6_0_0_ from posts posts0_ where posts0_.id=?
Hibernate: update posts set created_date=?, modified_date=?, author=?, content=?, title=? where id=?
Hibernate: select posts0_.id as id1_0_, posts0_.created_date as created_2_0_, posts0_.modified_date as modified3_0_, posts0_.author as author4_0_, posts0_.content as content5_0_, posts0_.title as title6_0_ from posts posts0_
Hibernate: select posts0_.id as id1_0_, posts0_.created_date as created_2_0_, posts0_.modified_date as modified3_0_, posts0_.author as author4_0_, posts0_.content as content5_0_, posts0_.title as title6_0_ from posts posts0_
Hibernate: delete from posts where id=?
]]></system-out>
  <system-err><![CDATA[]]></system-err>
</testsuite>
