<?xml version="1.0" encoding="UTF-8"?>
<testsuite name="com.hangyul.book.springboot.domain.posts.PostsRepositoryTest" tests="2" skipped="0" failures="0" errors="0" timestamp="2020-11-12T13:35:47" hostname="hangyeolgang-ui-MacBookPro.local" time="0.045">
  <properties/>
  <testcase name="게시글저장_불러오기" classname="com.hangyul.book.springboot.domain.posts.PostsRepositoryTest" time="0.029"/>
  <testcase name="BaseTimeEntity_등록" classname="com.hangyul.book.springboot.domain.posts.PostsRepositoryTest" time="0.016"/>
  <system-out><![CDATA[2020-11-12 22:35:45.607  INFO 9307 --- [    Test worker] .b.t.c.SpringBootTestContextBootstrapper : Neither @ContextConfiguration nor @ContextHierarchy found for test class [com.hangyul.book.springboot.domain.posts.PostsRepositoryTest], using SpringBootContextLoader
2020-11-12 22:35:45.608  INFO 9307 --- [    Test worker] o.s.t.c.support.AbstractContextLoader    : Could not detect default resource locations for test class [com.hangyul.book.springboot.domain.posts.PostsRepositoryTest]: no resource found for suffixes {-context.xml, Context.groovy}.
2020-11-12 22:35:45.608  INFO 9307 --- [    Test worker] t.c.s.AnnotationConfigContextLoaderUtils : Could not detect default configuration classes for test class [com.hangyul.book.springboot.domain.posts.PostsRepositoryTest]: PostsRepositoryTest does not declare any static, non-private, non-final, nested classes annotated with @Configuration.
2020-11-12 22:35:45.616  INFO 9307 --- [    Test worker] .b.t.c.SpringBootTestContextBootstrapper : Found @SpringBootConfiguration com.hangyul.book.springboot.Application for test class com.hangyul.book.springboot.domain.posts.PostsRepositoryTest
2020-11-12 22:35:45.619  INFO 9307 --- [    Test worker] .b.t.c.SpringBootTestContextBootstrapper : Loaded default TestExecutionListener class names from location [META-INF/spring.factories]: [org.springframework.security.test.context.support.WithSecurityContextTestExecutionListener, org.springframework.security.test.context.support.ReactorContextTestExecutionListener, org.springframework.boot.test.autoconfigure.restdocs.RestDocsTestExecutionListener, org.springframework.boot.test.autoconfigure.web.client.MockRestServiceServerResetTestExecutionListener, org.springframework.boot.test.autoconfigure.web.servlet.MockMvcPrintOnlyOnFailureTestExecutionListener, org.springframework.boot.test.autoconfigure.web.servlet.WebDriverTestExecutionListener, org.springframework.boot.test.mock.mockito.MockitoTestExecutionListener, org.springframework.boot.test.mock.mockito.ResetMocksTestExecutionListener, org.springframework.test.context.web.ServletTestExecutionListener, org.springframework.test.context.support.DirtiesContextBeforeModesTestExecutionListener, org.springframework.test.context.support.DependencyInjectionTestExecutionListener, org.springframework.test.context.support.DirtiesContextTestExecutionListener, org.springframework.test.context.transaction.TransactionalTestExecutionListener, org.springframework.test.context.jdbc.SqlScriptsTestExecutionListener]
2020-11-12 22:35:45.620  INFO 9307 --- [    Test worker] .b.t.c.SpringBootTestContextBootstrapper : Using TestExecutionListeners: [org.springframework.test.context.web.ServletTestExecutionListener@5c1c47a2, org.springframework.test.context.support.DirtiesContextBeforeModesTestExecutionListener@47b4516d, org.springframework.boot.test.mock.mockito.MockitoTestExecutionListener@1ee5177f, org.springframework.boot.test.autoconfigure.SpringBootDependencyInjectionTestExecutionListener@38755e70, org.springframework.test.context.support.DirtiesContextTestExecutionListener@6ea2f8b, org.springframework.test.context.transaction.TransactionalTestExecutionListener@63b03902, org.springframework.test.context.jdbc.SqlScriptsTestExecutionListener@555894e4, org.springframework.security.test.context.support.WithSecurityContextTestExecutionListener@474cc6e1, org.springframework.security.test.context.support.ReactorContextTestExecutionListener@100d3ff4, org.springframework.boot.test.autoconfigure.restdocs.RestDocsTestExecutionListener@72176cde, org.springframework.boot.test.autoconfigure.web.client.MockRestServiceServerResetTestExecutionListener@637929cc, org.springframework.boot.test.autoconfigure.web.servlet.MockMvcPrintOnlyOnFailureTestExecutionListener@42a3808c, org.springframework.boot.test.autoconfigure.web.servlet.WebDriverTestExecutionListener@3b28e5b3, org.springframework.boot.test.mock.mockito.ResetMocksTestExecutionListener@72900f94]

  .   ____          _            __ _ _
 /\\ / ___'_ __ _ _(_)_ __  __ _ \ \ \ \
( ( )\___ | '_ | '_| | '_ \/ _` | \ \ \ \
 \\/  ___)| |_)| | | | | || (_| |  ) ) ) )
  '  |____| .__|_| |_|_| |_\__, | / / / /
 =========|_|==============|___/=/_/_/_/
 :: Spring Boot ::        (v2.1.7.RELEASE)

2020-11-12 22:35:45.659  INFO 9307 --- [    Test worker] c.h.b.s.d.posts.PostsRepositoryTest      : Starting PostsRepositoryTest on hangyeolgang-ui-MacBookPro.local with PID 9307 (started by kanghangyul in /Users/kanghangyul/IdeaProjects/springboot2_webservice)
2020-11-12 22:35:45.660  INFO 9307 --- [    Test worker] c.h.b.s.d.posts.PostsRepositoryTest      : No active profile set, falling back to default profiles: default
2020-11-12 22:35:45.868  INFO 9307 --- [    Test worker] .s.d.r.c.RepositoryConfigurationDelegate : Bootstrapping Spring Data repositories in DEFAULT mode.
2020-11-12 22:35:45.883  INFO 9307 --- [    Test worker] .s.d.r.c.RepositoryConfigurationDelegate : Finished Spring Data repository scanning in 15ms. Found 2 repository interfaces.
2020-11-12 22:35:45.997  INFO 9307 --- [    Test worker] trationDelegate$BeanPostProcessorChecker : Bean 'org.springframework.transaction.annotation.ProxyTransactionManagementConfiguration' of type [org.springframework.transaction.annotation.ProxyTransactionManagementConfiguration$$EnhancerBySpringCGLIB$$d4f44e95] is not eligible for getting processed by all BeanPostProcessors (for example: not eligible for auto-proxying)
2020-11-12 22:35:46.159  INFO 9307 --- [    Test worker] com.zaxxer.hikari.HikariDataSource       : HikariPool-2 - Starting...
2020-11-12 22:35:46.160  INFO 9307 --- [    Test worker] com.zaxxer.hikari.HikariDataSource       : HikariPool-2 - Start completed.
2020-11-12 22:35:46.182  INFO 9307 --- [    Test worker] o.hibernate.jpa.internal.util.LogHelper  : HHH000204: Processing PersistenceUnitInfo [
	name: default
	...]
2020-11-12 22:35:46.188  INFO 9307 --- [    Test worker] org.hibernate.dialect.Dialect            : HHH000400: Using dialect: org.hibernate.dialect.H2Dialect
Hibernate: drop table posts if exists
Hibernate: drop table user if exists
Hibernate: create table posts (id bigint generated by default as identity, created_date timestamp, modified_date timestamp, author varchar(255), content TEXT not null, title varchar(500) not null, primary key (id))
Hibernate: create table user (id bigint generated by default as identity, created_date timestamp, modified_date timestamp, email varchar(255) not null, name varchar(255) not null, picture varchar(255), role varchar(255) not null, primary key (id))
2020-11-12 22:35:46.235  INFO 9307 --- [    Test worker] o.h.t.schema.internal.SchemaCreatorImpl  : HHH000476: Executing import script 'org.hibernate.tool.schema.internal.exec.ScriptSourceInputNonExistentImpl@cadd819'
2020-11-12 22:35:46.235  INFO 9307 --- [    Test worker] j.LocalContainerEntityManagerFactoryBean : Initialized JPA EntityManagerFactory for persistence unit 'default'
2020-11-12 22:35:46.440  INFO 9307 --- [    Test worker] o.h.h.i.QueryTranslatorFactoryInitiator  : HHH000397: Using ASTQueryTranslatorFactory
2020-11-12 22:35:46.556  INFO 9307 --- [    Test worker] o.s.s.web.DefaultSecurityFilterChain     : Creating filter chain: any request, [org.springframework.security.web.context.request.async.WebAsyncManagerIntegrationFilter@3b642916, org.springframework.security.web.context.SecurityContextPersistenceFilter@41bcbb2e, org.springframework.security.web.header.HeaderWriterFilter@c09578, org.springframework.security.web.authentication.logout.LogoutFilter@72e5834e, org.springframework.security.oauth2.client.web.OAuth2AuthorizationRequestRedirectFilter@63b37ea7, org.springframework.security.oauth2.client.web.OAuth2LoginAuthenticationFilter@7b7b0f4a, org.springframework.security.web.authentication.ui.DefaultLoginPageGeneratingFilter@5624376f, org.springframework.security.web.authentication.ui.DefaultLogoutPageGeneratingFilter@cf0179e, org.springframework.security.web.savedrequest.RequestCacheAwareFilter@399f1e62, org.springframework.security.web.servletapi.SecurityContextHolderAwareRequestFilter@3df0377c, org.springframework.security.web.authentication.AnonymousAuthenticationFilter@74ce16e1, org.springframework.security.web.session.SessionManagementFilter@17bf8005, org.springframework.security.web.access.ExceptionTranslationFilter@202b1e0d, org.springframework.security.web.access.intercept.FilterSecurityInterceptor@34f06a7e]
2020-11-12 22:35:46.820  INFO 9307 --- [    Test worker] o.s.s.concurrent.ThreadPoolTaskExecutor  : Initializing ExecutorService 'applicationTaskExecutor'
2020-11-12 22:35:46.831  WARN 9307 --- [    Test worker] aWebConfiguration$JpaWebMvcConfiguration : spring.jpa.open-in-view is enabled by default. Therefore, database queries may be performed during view rendering. Explicitly configure spring.jpa.open-in-view to disable this warning
2020-11-12 22:35:46.867  INFO 9307 --- [    Test worker] o.s.b.a.w.s.WelcomePageHandlerMapping    : Adding welcome page template: index
2020-11-12 22:35:47.211  INFO 9307 --- [    Test worker] s.a.ScheduledAnnotationBeanPostProcessor : No TaskScheduler/ScheduledExecutorService bean found for scheduled processing
2020-11-12 22:35:47.212  INFO 9307 --- [    Test worker] c.h.b.s.d.posts.PostsRepositoryTest      : Started PostsRepositoryTest in 1.588 seconds (JVM running for 10.679)
Hibernate: insert into posts (id, created_date, modified_date, author, content, title) values (null, ?, ?, ?, ?, ?)
Hibernate: select posts0_.id as id1_0_, posts0_.created_date as created_2_0_, posts0_.modified_date as modified3_0_, posts0_.author as author4_0_, posts0_.content as content5_0_, posts0_.title as title6_0_ from posts posts0_
Hibernate: select posts0_.id as id1_0_, posts0_.created_date as created_2_0_, posts0_.modified_date as modified3_0_, posts0_.author as author4_0_, posts0_.content as content5_0_, posts0_.title as title6_0_ from posts posts0_
Hibernate: delete from posts where id=?
Hibernate: insert into posts (id, created_date, modified_date, author, content, title) values (null, ?, ?, ?, ?, ?)
Hibernate: select posts0_.id as id1_0_, posts0_.created_date as created_2_0_, posts0_.modified_date as modified3_0_, posts0_.author as author4_0_, posts0_.content as content5_0_, posts0_.title as title6_0_ from posts posts0_
>>>>>>>>>> createDate=2020-11-12T22:35:47.251, modifiedDate=2020-11-12T22:35:47.251
Hibernate: select posts0_.id as id1_0_, posts0_.created_date as created_2_0_, posts0_.modified_date as modified3_0_, posts0_.author as author4_0_, posts0_.content as content5_0_, posts0_.title as title6_0_ from posts posts0_
Hibernate: delete from posts where id=?
]]></system-out>
  <system-err><![CDATA[]]></system-err>
</testsuite>
