<?xml version="1.0" encoding="UTF-8"?>
<testsuite name="com.hangyul.book.springboot.web.IndexControllerTest" tests="1" skipped="0" failures="0" errors="0" timestamp="2020-11-10T13:25:51" hostname="hangyeolgang-ui-MacBookPro.local" time="0.318">
  <properties/>
  <testcase name="메인페이지_로딩" classname="com.hangyul.book.springboot.web.IndexControllerTest" time="0.318"/>
  <system-out><![CDATA[2020-11-10 22:25:46.740  INFO 4331 --- [    Test worker] .b.t.c.SpringBootTestContextBootstrapper : Neither @ContextConfiguration nor @ContextHierarchy found for test class [com.hangyul.book.springboot.web.IndexControllerTest], using SpringBootContextLoader
2020-11-10 22:25:46.742  INFO 4331 --- [    Test worker] o.s.t.c.support.AbstractContextLoader    : Could not detect default resource locations for test class [com.hangyul.book.springboot.web.IndexControllerTest]: no resource found for suffixes {-context.xml, Context.groovy}.
2020-11-10 22:25:46.742  INFO 4331 --- [    Test worker] t.c.s.AnnotationConfigContextLoaderUtils : Could not detect default configuration classes for test class [com.hangyul.book.springboot.web.IndexControllerTest]: IndexControllerTest does not declare any static, non-private, non-final, nested classes annotated with @Configuration.
2020-11-10 22:25:46.754  INFO 4331 --- [    Test worker] .b.t.c.SpringBootTestContextBootstrapper : Found @SpringBootConfiguration com.hangyul.book.springboot.Application for test class com.hangyul.book.springboot.web.IndexControllerTest
2020-11-10 22:25:46.758  INFO 4331 --- [    Test worker] .b.t.c.SpringBootTestContextBootstrapper : Loaded default TestExecutionListener class names from location [META-INF/spring.factories]: [org.springframework.boot.test.autoconfigure.restdocs.RestDocsTestExecutionListener, org.springframework.boot.test.autoconfigure.web.client.MockRestServiceServerResetTestExecutionListener, org.springframework.boot.test.autoconfigure.web.servlet.MockMvcPrintOnlyOnFailureTestExecutionListener, org.springframework.boot.test.autoconfigure.web.servlet.WebDriverTestExecutionListener, org.springframework.boot.test.mock.mockito.MockitoTestExecutionListener, org.springframework.boot.test.mock.mockito.ResetMocksTestExecutionListener, org.springframework.test.context.web.ServletTestExecutionListener, org.springframework.test.context.support.DirtiesContextBeforeModesTestExecutionListener, org.springframework.test.context.support.DependencyInjectionTestExecutionListener, org.springframework.test.context.support.DirtiesContextTestExecutionListener, org.springframework.test.context.transaction.TransactionalTestExecutionListener, org.springframework.test.context.jdbc.SqlScriptsTestExecutionListener]
2020-11-10 22:25:46.760  INFO 4331 --- [    Test worker] .b.t.c.SpringBootTestContextBootstrapper : Using TestExecutionListeners: [org.springframework.test.context.web.ServletTestExecutionListener@34719391, org.springframework.test.context.support.DirtiesContextBeforeModesTestExecutionListener@220cdb53, org.springframework.boot.test.mock.mockito.MockitoTestExecutionListener@12dd70f3, org.springframework.boot.test.autoconfigure.SpringBootDependencyInjectionTestExecutionListener@daf7b4e, org.springframework.test.context.support.DirtiesContextTestExecutionListener@35fa8c71, org.springframework.test.context.transaction.TransactionalTestExecutionListener@71680fde, org.springframework.test.context.jdbc.SqlScriptsTestExecutionListener@84ba3e8, org.springframework.boot.test.autoconfigure.restdocs.RestDocsTestExecutionListener@7e48cca4, org.springframework.boot.test.autoconfigure.web.client.MockRestServiceServerResetTestExecutionListener@1fb04e18, org.springframework.boot.test.autoconfigure.web.servlet.MockMvcPrintOnlyOnFailureTestExecutionListener@2e17b4cf, org.springframework.boot.test.autoconfigure.web.servlet.WebDriverTestExecutionListener@7b960606, org.springframework.boot.test.mock.mockito.ResetMocksTestExecutionListener@4303d83c]

  .   ____          _            __ _ _
 /\\ / ___'_ __ _ _(_)_ __  __ _ \ \ \ \
( ( )\___ | '_ | '_| | '_ \/ _` | \ \ \ \
 \\/  ___)| |_)| | | | | || (_| |  ) ) ) )
  '  |____| .__|_| |_|_| |_\__, | / / / /
 =========|_|==============|___/=/_/_/_/
 :: Spring Boot ::        (v2.1.7.RELEASE)

2020-11-10 22:25:46.806  INFO 4331 --- [    Test worker] c.h.b.s.web.IndexControllerTest          : Starting IndexControllerTest on hangyeolgang-ui-MacBookPro.local with PID 4331 (started by kanghangyul in /Users/kanghangyul/IdeaProjects/springboot2_webservice)
2020-11-10 22:25:46.811  INFO 4331 --- [    Test worker] c.h.b.s.web.IndexControllerTest          : The following profiles are active: oauth
2020-11-10 22:25:47.105  INFO 4331 --- [    Test worker] .s.d.r.c.RepositoryConfigurationDelegate : Bootstrapping Spring Data repositories in DEFAULT mode.
2020-11-10 22:25:47.238  INFO 4331 --- [    Test worker] .s.d.r.c.RepositoryConfigurationDelegate : Finished Spring Data repository scanning in 125ms. Found 2 repository interfaces.
2020-11-10 22:25:47.495  INFO 4331 --- [    Test worker] trationDelegate$BeanPostProcessorChecker : Bean 'org.springframework.transaction.annotation.ProxyTransactionManagementConfiguration' of type [org.springframework.transaction.annotation.ProxyTransactionManagementConfiguration$$EnhancerBySpringCGLIB$$56d9c732] is not eligible for getting processed by all BeanPostProcessors (for example: not eligible for auto-proxying)
2020-11-10 22:25:47.833  INFO 4331 --- [    Test worker] o.s.b.w.embedded.tomcat.TomcatWebServer  : Tomcat initialized with port(s): 0 (http)
2020-11-10 22:25:47.866  INFO 4331 --- [    Test worker] o.apache.catalina.core.StandardService   : Starting service [Tomcat]
2020-11-10 22:25:47.867  INFO 4331 --- [    Test worker] org.apache.catalina.core.StandardEngine  : Starting Servlet engine: [Apache Tomcat/9.0.22]
2020-11-10 22:25:47.986  INFO 4331 --- [    Test worker] o.a.c.c.C.[Tomcat].[localhost].[/]       : Initializing Spring embedded WebApplicationContext
2020-11-10 22:25:47.986  INFO 4331 --- [    Test worker] o.s.web.context.ContextLoader            : Root WebApplicationContext: initialization completed in 1171 ms
2020-11-10 22:25:48.246  INFO 4331 --- [    Test worker] com.zaxxer.hikari.HikariDataSource       : HikariPool-1 - Starting...
2020-11-10 22:25:48.423  INFO 4331 --- [    Test worker] com.zaxxer.hikari.HikariDataSource       : HikariPool-1 - Start completed.
2020-11-10 22:25:48.517  INFO 4331 --- [    Test worker] o.hibernate.jpa.internal.util.LogHelper  : HHH000204: Processing PersistenceUnitInfo [
	name: default
	...]
2020-11-10 22:25:48.582  INFO 4331 --- [    Test worker] org.hibernate.Version                    : HHH000412: Hibernate Core {5.3.10.Final}
2020-11-10 22:25:48.584  INFO 4331 --- [    Test worker] org.hibernate.cfg.Environment            : HHH000206: hibernate.properties not found
2020-11-10 22:25:48.756  INFO 4331 --- [    Test worker] o.hibernate.annotations.common.Version   : HCANN000001: Hibernate Commons Annotations {5.0.4.Final}
2020-11-10 22:25:48.911  INFO 4331 --- [    Test worker] org.hibernate.dialect.Dialect            : HHH000400: Using dialect: org.hibernate.dialect.MySQL5InnoDBDialect
Hibernate: drop table if exists posts
Hibernate: drop table if exists user
Hibernate: create table posts (id bigint not null auto_increment, created_date datetime, modified_date datetime, author varchar(255), content TEXT not null, title varchar(500) not null, primary key (id)) engine=InnoDB
Hibernate: create table user (id bigint not null auto_increment, created_date datetime, modified_date datetime, email varchar(255) not null, name varchar(255) not null, picture varchar(255), role varchar(255) not null, primary key (id)) engine=InnoDB
2020-11-10 22:25:49.603  INFO 4331 --- [    Test worker] o.h.t.schema.internal.SchemaCreatorImpl  : HHH000476: Executing import script 'org.hibernate.tool.schema.internal.exec.ScriptSourceInputNonExistentImpl@3b2e9f3a'
2020-11-10 22:25:49.607  INFO 4331 --- [    Test worker] j.LocalContainerEntityManagerFactoryBean : Initialized JPA EntityManagerFactory for persistence unit 'default'
2020-11-10 22:25:50.423  INFO 4331 --- [    Test worker] o.h.h.i.QueryTranslatorFactoryInitiator  : HHH000397: Using ASTQueryTranslatorFactory
2020-11-10 22:25:50.814  INFO 4331 --- [    Test worker] o.s.s.web.DefaultSecurityFilterChain     : Creating filter chain: any request, [org.springframework.security.web.context.request.async.WebAsyncManagerIntegrationFilter@2eeda4f6, org.springframework.security.web.context.SecurityContextPersistenceFilter@4aa41dba, org.springframework.security.web.header.HeaderWriterFilter@5327bc9c, org.springframework.security.web.authentication.logout.LogoutFilter@575e19f0, org.springframework.security.oauth2.client.web.OAuth2AuthorizationRequestRedirectFilter@388f8581, org.springframework.security.oauth2.client.web.OAuth2LoginAuthenticationFilter@52de9af1, org.springframework.security.web.authentication.ui.DefaultLoginPageGeneratingFilter@44c6868e, org.springframework.security.web.authentication.ui.DefaultLogoutPageGeneratingFilter@7c83e20a, org.springframework.security.web.savedrequest.RequestCacheAwareFilter@b608851, org.springframework.security.web.servletapi.SecurityContextHolderAwareRequestFilter@34789be1, org.springframework.security.web.authentication.AnonymousAuthenticationFilter@181b3fbb, org.springframework.security.web.session.SessionManagementFilter@502cea56, org.springframework.security.web.access.ExceptionTranslationFilter@648c9f05, org.springframework.security.web.access.intercept.FilterSecurityInterceptor@1ec86a98]
2020-11-10 22:25:51.146  INFO 4331 --- [    Test worker] o.s.s.concurrent.ThreadPoolTaskExecutor  : Initializing ExecutorService 'applicationTaskExecutor'
2020-11-10 22:25:51.202  WARN 4331 --- [    Test worker] aWebConfiguration$JpaWebMvcConfiguration : spring.jpa.open-in-view is enabled by default. Therefore, database queries may be performed during view rendering. Explicitly configure spring.jpa.open-in-view to disable this warning
2020-11-10 22:25:51.254  INFO 4331 --- [    Test worker] o.s.b.a.w.s.WelcomePageHandlerMapping    : Adding welcome page template: index
2020-11-10 22:25:51.618  INFO 4331 --- [    Test worker] s.a.ScheduledAnnotationBeanPostProcessor : No TaskScheduler/ScheduledExecutorService bean found for scheduled processing
2020-11-10 22:25:51.644  INFO 4331 --- [    Test worker] o.s.b.w.embedded.tomcat.TomcatWebServer  : Tomcat started on port(s): 53308 (http) with context path ''
2020-11-10 22:25:51.646  INFO 4331 --- [    Test worker] c.h.b.s.web.IndexControllerTest          : Started IndexControllerTest in 4.878 seconds (JVM running for 7.772)
2020-11-10 22:25:51.819  INFO 4331 --- [o-auto-1-exec-1] o.a.c.c.C.[Tomcat].[localhost].[/]       : Initializing Spring DispatcherServlet 'dispatcherServlet'
2020-11-10 22:25:51.819  INFO 4331 --- [o-auto-1-exec-1] o.s.web.servlet.DispatcherServlet        : Initializing Servlet 'dispatcherServlet'
2020-11-10 22:25:51.839  INFO 4331 --- [o-auto-1-exec-1] o.s.web.servlet.DispatcherServlet        : Completed initialization in 19 ms
Hibernate: select posts0_.id as id1_0_, posts0_.created_date as created_2_0_, posts0_.modified_date as modified3_0_, posts0_.author as author4_0_, posts0_.content as content5_0_, posts0_.title as title6_0_ from posts posts0_ order by posts0_.id DESC
]]></system-out>
  <system-err><![CDATA[]]></system-err>
</testsuite>
